2020-04-08 13:05:20,133 INFO o.a.j.u.JMeterUtils: Setting Locale to es_ES
2020-04-08 13:05:20,149 INFO o.a.j.u.JMeterUtils: Could not find resources for 'es_ES', using 'es'
2020-04-08 13:05:20,150 INFO o.a.j.JMeter: Loading user properties from: /home/jose/Documentos/Aplicaciones-programas/apache-jmeter-5.2.1/bin/user.properties
2020-04-08 13:05:20,151 INFO o.a.j.JMeter: Loading system properties from: /home/jose/Documentos/Aplicaciones-programas/apache-jmeter-5.2.1/bin/system.properties
2020-04-08 13:05:20,153 INFO o.a.j.JMeter: Copyright (c) 1998-2019 The Apache Software Foundation
2020-04-08 13:05:20,153 INFO o.a.j.JMeter: Version 5.2.1
2020-04-08 13:05:20,153 INFO o.a.j.JMeter: java.version=1.8.0_242
2020-04-08 13:05:20,153 INFO o.a.j.JMeter: java.vm.name=OpenJDK 64-Bit Server VM
2020-04-08 13:05:20,153 INFO o.a.j.JMeter: os.name=Linux
2020-04-08 13:05:20,153 INFO o.a.j.JMeter: os.arch=amd64
2020-04-08 13:05:20,153 INFO o.a.j.JMeter: os.version=5.3.0-45-generic
2020-04-08 13:05:20,153 INFO o.a.j.JMeter: file.encoding=UTF-8
2020-04-08 13:05:20,153 INFO o.a.j.JMeter: java.awt.headless=null
2020-04-08 13:05:20,154 INFO o.a.j.JMeter: Max memory     =1804599296
2020-04-08 13:05:20,154 INFO o.a.j.JMeter: Available Processors =8
2020-04-08 13:05:20,166 INFO o.a.j.JMeter: Default Locale=espa単ol (Espa単a)
2020-04-08 13:05:20,167 INFO o.a.j.JMeter: JMeter  Locale=espa単ol (Espa単a)
2020-04-08 13:05:20,167 INFO o.a.j.JMeter: JMeterHome=/home/jose/Documentos/Aplicaciones-programas/apache-jmeter-5.2.1
2020-04-08 13:05:20,167 INFO o.a.j.JMeter: user.dir  =/home/jose/Escritorio/Uni/4/2_cuatri/SI_II/Practicas/SI2_P2/P2/P1-base
2020-04-08 13:05:20,167 INFO o.a.j.JMeter: PWD       =/home/jose/Escritorio/Uni/4/2_cuatri/SI_II/Practicas/SI2_P2/P2/P1-base
2020-04-08 13:05:20,167 INFO o.a.j.JMeter: IP: 127.0.1.1 Name: Jose FullName: Jose
2020-04-08 13:05:20,397 INFO o.a.j.g.a.LookAndFeelCommand: Installing Darcula LAF
2020-04-08 13:05:20,438 INFO o.a.j.g.a.LookAndFeelCommand: Using look and feel: com.bulenkov.darcula.DarculaLaf [Darcula]
2020-04-08 13:05:20,439 INFO o.a.j.JMeter: Setting LAF to: com.bulenkov.darcula.DarculaLaf
2020-04-08 13:05:20,522 INFO o.a.j.JMeter: Loaded icon properties from org/apache/jmeter/images/icon.properties
2020-04-08 13:05:22,671 INFO o.a.j.p.h.s.HTTPSamplerBase: Parser for text/html is org.apache.jmeter.protocol.http.parser.LagartoBasedHtmlParser
2020-04-08 13:05:22,672 INFO o.a.j.p.h.s.HTTPSamplerBase: Parser for application/xhtml+xml is org.apache.jmeter.protocol.http.parser.LagartoBasedHtmlParser
2020-04-08 13:05:22,672 INFO o.a.j.p.h.s.HTTPSamplerBase: Parser for application/xml is org.apache.jmeter.protocol.http.parser.LagartoBasedHtmlParser
2020-04-08 13:05:22,672 INFO o.a.j.p.h.s.HTTPSamplerBase: Parser for text/xml is org.apache.jmeter.protocol.http.parser.LagartoBasedHtmlParser
2020-04-08 13:05:22,672 INFO o.a.j.p.h.s.HTTPSamplerBase: Parser for text/vnd.wap.wml is org.apache.jmeter.protocol.http.parser.RegexpHTMLParser
2020-04-08 13:05:22,672 INFO o.a.j.p.h.s.HTTPSamplerBase: Parser for text/css is org.apache.jmeter.protocol.http.parser.CssParser
2020-04-08 13:05:23,071 INFO o.a.j.e.KeyToolUtils: keytool found at 'keytool'
2020-04-08 13:05:23,072 INFO o.a.j.p.h.p.ProxyControl: HTTP(S) Test Script Recorder SSL Proxy will use keys that support embedded 3rd party resources in file /home/jose/Documentos/Aplicaciones-programas/apache-jmeter-5.2.1/bin/proxyserver.jks
2020-04-08 13:05:23,196 INFO o.a.j.s.FileServer: Default base='/home/jose/Escritorio/Uni/4/2_cuatri/SI_II/Practicas/SI2_P2/P2/P1-base'
2020-04-08 13:05:23,501 INFO o.a.j.s.SampleResult: Note: Sample TimeStamps are START times
2020-04-08 13:05:23,502 INFO o.a.j.s.SampleResult: sampleresult.default.encoding is set to ISO-8859-1
2020-04-08 13:05:23,502 INFO o.a.j.s.SampleResult: sampleresult.useNanoTime=true
2020-04-08 13:05:23,502 INFO o.a.j.s.SampleResult: sampleresult.nanoThreadSleep=5000
2020-04-08 13:05:23,525 INFO o.a.j.v.ViewResultsFullVisualizer: Add JavaFX to your Java installation if you want to use renderer: org.apache.jmeter.visualizers.RenderInBrowser
2020-04-08 13:05:37,787 INFO o.a.j.g.a.Load: Loading file: /home/jose/Escritorio/Uni/4/2_cuatri/SI_II/Practicas/SI2_P2/P2/ej6.jmx
2020-04-08 13:05:37,787 INFO o.a.j.s.FileServer: Set new base='/home/jose/Escritorio/Uni/4/2_cuatri/SI_II/Practicas/SI2_P2/P2'
2020-04-08 13:05:37,987 INFO o.a.j.s.SaveService: Testplan (JMX) version: 2.2. Testlog (JTL) version: 2.2
2020-04-08 13:05:37,992 INFO o.a.j.s.SaveService: Using SaveService properties file encoding UTF-8
2020-04-08 13:05:37,993 INFO o.a.j.s.SaveService: Using SaveService properties version 5.0
2020-04-08 13:05:37,998 INFO o.a.j.s.SaveService: Loading file: /home/jose/Escritorio/Uni/4/2_cuatri/SI_II/Practicas/SI2_P2/P2/ej6.jmx
2020-04-08 13:05:38,162 INFO o.a.j.v.ViewResultsFullVisualizer: Add JavaFX to your Java installation if you want to use renderer: org.apache.jmeter.visualizers.RenderInBrowser
2020-04-08 13:05:38,200 INFO o.a.j.s.FileServer: Set new base='/home/jose/Escritorio/Uni/4/2_cuatri/SI_II/Practicas/SI2_P2/P2'
2020-04-08 13:05:43,384 INFO o.a.j.e.StandardJMeterEngine: Running the test!
2020-04-08 13:05:43,385 INFO o.a.j.s.SampleEvent: List of sample_variables: []
2020-04-08 13:05:43,385 INFO o.a.j.s.SampleEvent: List of sample_variables: []
2020-04-08 13:05:43,388 INFO o.a.j.e.u.CompoundVariable: Note: Function class names must contain the string: '.functions.'
2020-04-08 13:05:43,389 INFO o.a.j.e.u.CompoundVariable: Note: Function class names must not contain the string: '.gui.'
2020-04-08 13:05:43,702 INFO o.a.j.g.u.JMeterMenuBar: setRunning(true, *local*)
2020-04-08 13:05:43,882 INFO o.a.j.e.StandardJMeterEngine: Starting ThreadGroup: 1 : P1-base
2020-04-08 13:05:43,883 INFO o.a.j.e.StandardJMeterEngine: Starting 1 threads for group P1-base.
2020-04-08 13:05:43,883 INFO o.a.j.e.StandardJMeterEngine: Thread will continue on error
2020-04-08 13:05:43,883 INFO o.a.j.t.ThreadGroup: Starting thread group... number=1 threads=1 ramp-up=5 delayedStart=false
2020-04-08 13:05:43,888 INFO o.a.j.t.ThreadGroup: Started thread group number 1
2020-04-08 13:05:43,889 INFO o.a.j.e.StandardJMeterEngine: All thread groups have been started
2020-04-08 13:05:43,892 INFO o.a.j.t.JMeterThread: Thread started: P1-base 1-1
2020-04-08 13:05:43,894 INFO o.a.j.s.FileServer: Stored: datagen/listado.csv
2020-04-08 13:05:43,903 INFO o.a.j.p.h.s.HTTPJavaImpl: Maximum connection retries = 0
2020-04-08 13:06:11,686 INFO o.a.j.g.a.Start: Stopping test
2020-04-08 13:06:11,698 INFO o.a.j.t.JMeterThread: Stopping: P1-base 1-1
2020-04-08 13:06:11,699 WARN o.a.j.t.JMeterThread: Interrupting: P1-base 1-1 sampler: P1-base
2020-04-08 13:06:14,638 INFO o.a.j.t.JMeterThread: Thread finished: P1-base 1-1
2020-04-08 13:06:14,639 INFO o.a.j.e.StandardJMeterEngine: Notifying test listeners of end of test
2020-04-08 13:06:14,640 INFO o.a.j.s.FileServer: Close: datagen/listado.csv
2020-04-08 13:06:14,642 INFO o.a.j.g.u.JMeterMenuBar: setRunning(false, *local*)
2020-04-08 13:08:08,831 INFO o.a.j.e.StandardJMeterEngine: Running the test!
2020-04-08 13:08:08,831 INFO o.a.j.s.SampleEvent: List of sample_variables: []
2020-04-08 13:08:08,834 INFO o.a.j.g.u.JMeterMenuBar: setRunning(true, *local*)
2020-04-08 13:08:09,012 INFO o.a.j.e.StandardJMeterEngine: Starting ThreadGroup: 1 : P1-base
2020-04-08 13:08:09,012 INFO o.a.j.e.StandardJMeterEngine: Starting 1 threads for group P1-base.
2020-04-08 13:08:09,012 INFO o.a.j.e.StandardJMeterEngine: Thread will continue on error
2020-04-08 13:08:09,012 INFO o.a.j.t.ThreadGroup: Starting thread group... number=1 threads=1 ramp-up=5 delayedStart=false
2020-04-08 13:08:09,013 INFO o.a.j.t.ThreadGroup: Started thread group number 1
2020-04-08 13:08:09,013 INFO o.a.j.e.StandardJMeterEngine: All thread groups have been started
2020-04-08 13:08:09,013 INFO o.a.j.t.JMeterThread: Thread started: P1-base 1-1
2020-04-08 13:08:09,014 INFO o.a.j.s.FileServer: Stored: datagen/listado.csv
2020-04-08 13:08:20,519 INFO o.a.j.t.JMeterThread: Thread is done: P1-base 1-1
2020-04-08 13:08:20,519 INFO o.a.j.t.JMeterThread: Thread finished: P1-base 1-1
2020-04-08 13:08:20,519 INFO o.a.j.e.StandardJMeterEngine: Notifying test listeners of end of test
2020-04-08 13:08:20,519 INFO o.a.j.s.FileServer: Close: datagen/listado.csv
2020-04-08 13:08:20,520 INFO o.a.j.g.u.JMeterMenuBar: setRunning(false, *local*)
